[0.013s] Invoking command in '/home/erobman/IGH_EtherCAT/eRob_arm/build/erob_position_control': AMENT_PREFIX_PATH=/home/erobman/IGH_EtherCAT/eRob_arm/install/erob_arm:${AMENT_PREFIX_PATH} CMAKE_PREFIX_PATH=${CMAKE_PREFIX_PATH}:/home/erobman/IGH_EtherCAT/ros2_MoveIt/install/moveit_configs_utils:/home/erobman/IGH_EtherCAT/ros2_MoveIt/install/launch_param_builder:/opt/ros/humble PYTHONPATH=/home/erobman/IGH_EtherCAT/eRob_arm/install/erob_arm/lib/python3.10/site-packages:${PYTHONPATH} /usr/bin/cmake /home/erobman/IGH_EtherCAT/eRob_arm/src/erob_position_control -DCMAKE_INSTALL_PREFIX=/home/erobman/IGH_EtherCAT/eRob_arm/install/erob_position_control
[0.044s] -- The C compiler identification is GNU 11.4.0
[0.072s] -- The CXX compiler identification is GNU 11.4.0
[0.075s] -- Detecting C compiler ABI info
[0.118s] -- Detecting C compiler ABI info - done
[0.122s] -- Check for working C compiler: /usr/bin/cc - skipped
[0.122s] -- Detecting C compile features
[0.122s] -- Detecting C compile features - done
[0.123s] -- Detecting CXX compiler ABI info
[0.170s] -- Detecting CXX compiler ABI info - done
[0.175s] -- Check for working CXX compiler: /usr/bin/c++ - skipped
[0.175s] -- Detecting CXX compile features
[0.175s] -- Detecting CXX compile features - done
[0.178s] -- Found ament_cmake: 1.3.10 (/opt/ros/humble/share/ament_cmake/cmake)
[0.260s] -- Found Python3: /usr/bin/python3 (found version "3.10.12") found components: Interpreter 
[0.359s] -- Configuring done
[0.361s] -- Generating done
[0.361s] -- Build files have been written to: /home/erobman/IGH_EtherCAT/eRob_arm/build/erob_position_control
[0.365s] Invoked command in '/home/erobman/IGH_EtherCAT/eRob_arm/build/erob_position_control' returned '0': AMENT_PREFIX_PATH=/home/erobman/IGH_EtherCAT/eRob_arm/install/erob_arm:${AMENT_PREFIX_PATH} CMAKE_PREFIX_PATH=${CMAKE_PREFIX_PATH}:/home/erobman/IGH_EtherCAT/ros2_MoveIt/install/moveit_configs_utils:/home/erobman/IGH_EtherCAT/ros2_MoveIt/install/launch_param_builder:/opt/ros/humble PYTHONPATH=/home/erobman/IGH_EtherCAT/eRob_arm/install/erob_arm/lib/python3.10/site-packages:${PYTHONPATH} /usr/bin/cmake /home/erobman/IGH_EtherCAT/eRob_arm/src/erob_position_control -DCMAKE_INSTALL_PREFIX=/home/erobman/IGH_EtherCAT/eRob_arm/install/erob_position_control
[0.366s] Invoking command in '/home/erobman/IGH_EtherCAT/eRob_arm/build/erob_position_control': AMENT_PREFIX_PATH=/home/erobman/IGH_EtherCAT/eRob_arm/install/erob_arm:${AMENT_PREFIX_PATH} CMAKE_PREFIX_PATH=${CMAKE_PREFIX_PATH}:/home/erobman/IGH_EtherCAT/ros2_MoveIt/install/moveit_configs_utils:/home/erobman/IGH_EtherCAT/ros2_MoveIt/install/launch_param_builder:/opt/ros/humble PYTHONPATH=/home/erobman/IGH_EtherCAT/eRob_arm/install/erob_arm/lib/python3.10/site-packages:${PYTHONPATH} /usr/bin/cmake --build /home/erobman/IGH_EtherCAT/eRob_arm/build/erob_position_control -- -j32 -l32
[0.390s] Invoked command in '/home/erobman/IGH_EtherCAT/eRob_arm/build/erob_position_control' returned '0': AMENT_PREFIX_PATH=/home/erobman/IGH_EtherCAT/eRob_arm/install/erob_arm:${AMENT_PREFIX_PATH} CMAKE_PREFIX_PATH=${CMAKE_PREFIX_PATH}:/home/erobman/IGH_EtherCAT/ros2_MoveIt/install/moveit_configs_utils:/home/erobman/IGH_EtherCAT/ros2_MoveIt/install/launch_param_builder:/opt/ros/humble PYTHONPATH=/home/erobman/IGH_EtherCAT/eRob_arm/install/erob_arm/lib/python3.10/site-packages:${PYTHONPATH} /usr/bin/cmake --build /home/erobman/IGH_EtherCAT/eRob_arm/build/erob_position_control -- -j32 -l32
[0.413s] Invoking command in '/home/erobman/IGH_EtherCAT/eRob_arm/build/erob_position_control': AMENT_PREFIX_PATH=/home/erobman/IGH_EtherCAT/eRob_arm/install/erob_arm:${AMENT_PREFIX_PATH} CMAKE_PREFIX_PATH=${CMAKE_PREFIX_PATH}:/home/erobman/IGH_EtherCAT/ros2_MoveIt/install/moveit_configs_utils:/home/erobman/IGH_EtherCAT/ros2_MoveIt/install/launch_param_builder:/opt/ros/humble PYTHONPATH=/home/erobman/IGH_EtherCAT/eRob_arm/install/erob_arm/lib/python3.10/site-packages:${PYTHONPATH} /usr/bin/cmake --install /home/erobman/IGH_EtherCAT/eRob_arm/build/erob_position_control
[0.418s] -- Install configuration: ""
[0.418s] -- Installing: /home/erobman/IGH_EtherCAT/eRob_arm/install/erob_position_control/share/ament_index/resource_index/package_run_dependencies/erob_position_control
[0.418s] -- Installing: /home/erobman/IGH_EtherCAT/eRob_arm/install/erob_position_control/share/ament_index/resource_index/parent_prefix_path/erob_position_control
[0.418s] -- Installing: /home/erobman/IGH_EtherCAT/eRob_arm/install/erob_position_control/share/erob_position_control/environment/ament_prefix_path.sh
[0.418s] -- Installing: /home/erobman/IGH_EtherCAT/eRob_arm/install/erob_position_control/share/erob_position_control/environment/ament_prefix_path.dsv
[0.418s] -- Installing: /home/erobman/IGH_EtherCAT/eRob_arm/install/erob_position_control/share/erob_position_control/environment/path.sh
[0.419s] -- Installing: /home/erobman/IGH_EtherCAT/eRob_arm/install/erob_position_control/share/erob_position_control/environment/path.dsv
[0.419s] -- Installing: /home/erobman/IGH_EtherCAT/eRob_arm/install/erob_position_control/share/erob_position_control/local_setup.bash
[0.419s] -- Installing: /home/erobman/IGH_EtherCAT/eRob_arm/install/erob_position_control/share/erob_position_control/local_setup.sh
[0.419s] -- Installing: /home/erobman/IGH_EtherCAT/eRob_arm/install/erob_position_control/share/erob_position_control/local_setup.zsh
[0.419s] -- Installing: /home/erobman/IGH_EtherCAT/eRob_arm/install/erob_position_control/share/erob_position_control/local_setup.dsv
[0.419s] -- Installing: /home/erobman/IGH_EtherCAT/eRob_arm/install/erob_position_control/share/erob_position_control/package.dsv
[0.419s] -- Installing: /home/erobman/IGH_EtherCAT/eRob_arm/install/erob_position_control/share/ament_index/resource_index/packages/erob_position_control
[0.421s] -- Installing: /home/erobman/IGH_EtherCAT/eRob_arm/install/erob_position_control/share/erob_position_control/cmake/erob_position_controlConfig.cmake
[0.421s] -- Installing: /home/erobman/IGH_EtherCAT/eRob_arm/install/erob_position_control/share/erob_position_control/cmake/erob_position_controlConfig-version.cmake
[0.421s] -- Installing: /home/erobman/IGH_EtherCAT/eRob_arm/install/erob_position_control/share/erob_position_control/package.xml
[0.421s] -- Installing: /home/erobman/IGH_EtherCAT/eRob_arm/install/erob_position_control/share/erob_position_control/launch
[0.421s] -- Installing: /home/erobman/IGH_EtherCAT/eRob_arm/install/erob_position_control/share/erob_position_control/launch/rsp.launch.py
[0.421s] -- Installing: /home/erobman/IGH_EtherCAT/eRob_arm/install/erob_position_control/share/erob_position_control/launch/setup_assistant.launch.py
[0.421s] -- Installing: /home/erobman/IGH_EtherCAT/eRob_arm/install/erob_position_control/share/erob_position_control/launch/warehouse_db.launch.py
[0.421s] -- Installing: /home/erobman/IGH_EtherCAT/eRob_arm/install/erob_position_control/share/erob_position_control/launch/demo.launch.py
[0.421s] -- Installing: /home/erobman/IGH_EtherCAT/eRob_arm/install/erob_position_control/share/erob_position_control/launch/moveit_rviz.launch.py
[0.423s] -- Installing: /home/erobman/IGH_EtherCAT/eRob_arm/install/erob_position_control/share/erob_position_control/launch/static_virtual_joint_tfs.launch.py
[0.423s] -- Installing: /home/erobman/IGH_EtherCAT/eRob_arm/install/erob_position_control/share/erob_position_control/launch/spawn_controllers.launch.py
[0.423s] -- Installing: /home/erobman/IGH_EtherCAT/eRob_arm/install/erob_position_control/share/erob_position_control/launch/move_group.launch.py
[0.423s] -- Installing: /home/erobman/IGH_EtherCAT/eRob_arm/install/erob_position_control/share/erob_position_control/config
[0.423s] -- Installing: /home/erobman/IGH_EtherCAT/eRob_arm/install/erob_position_control/share/erob_position_control/config/joint_limits.yaml
[0.423s] -- Installing: /home/erobman/IGH_EtherCAT/eRob_arm/install/erob_position_control/share/erob_position_control/config/eRobo3.ros2_control.xacro
[0.423s] -- Installing: /home/erobman/IGH_EtherCAT/eRob_arm/install/erob_position_control/share/erob_position_control/config/moveit.rviz
[0.423s] -- Installing: /home/erobman/IGH_EtherCAT/eRob_arm/install/erob_position_control/share/erob_position_control/config/kinematics.yaml
[0.423s] -- Installing: /home/erobman/IGH_EtherCAT/eRob_arm/install/erob_position_control/share/erob_position_control/config/zeroErr.yaml
[0.424s] -- Installing: /home/erobman/IGH_EtherCAT/eRob_arm/install/erob_position_control/share/erob_position_control/config/eRobo3.srdf
[0.424s] -- Installing: /home/erobman/IGH_EtherCAT/eRob_arm/install/erob_position_control/share/erob_position_control/config/moveit_controllers.yaml
[0.424s] -- Installing: /home/erobman/IGH_EtherCAT/eRob_arm/install/erob_position_control/share/erob_position_control/config/ros2_controllers.yaml
[0.424s] -- Installing: /home/erobman/IGH_EtherCAT/eRob_arm/install/erob_position_control/share/erob_position_control/config/initial_positions.yaml
[0.424s] -- Installing: /home/erobman/IGH_EtherCAT/eRob_arm/install/erob_position_control/share/erob_position_control/config/pilz_cartesian_limits.yaml
[0.424s] -- Installing: /home/erobman/IGH_EtherCAT/eRob_arm/install/erob_position_control/share/erob_position_control/config/eRobo3.urdf.xacro
[0.424s] -- Installing: /home/erobman/IGH_EtherCAT/eRob_arm/install/erob_position_control/share/erob_position_control/.setup_assistant
[0.429s] Invoked command in '/home/erobman/IGH_EtherCAT/eRob_arm/build/erob_position_control' returned '0': AMENT_PREFIX_PATH=/home/erobman/IGH_EtherCAT/eRob_arm/install/erob_arm:${AMENT_PREFIX_PATH} CMAKE_PREFIX_PATH=${CMAKE_PREFIX_PATH}:/home/erobman/IGH_EtherCAT/ros2_MoveIt/install/moveit_configs_utils:/home/erobman/IGH_EtherCAT/ros2_MoveIt/install/launch_param_builder:/opt/ros/humble PYTHONPATH=/home/erobman/IGH_EtherCAT/eRob_arm/install/erob_arm/lib/python3.10/site-packages:${PYTHONPATH} /usr/bin/cmake --install /home/erobman/IGH_EtherCAT/eRob_arm/build/erob_position_control
