[0.281s] Invoking command in '/home/erobman/IGH_EtherCAT/eRob_arm/src/erob_arm': PYTHONPATH=/home/erobman/IGH_EtherCAT/eRob_arm/build/erob_arm/prefix_override:/usr/lib/python3/dist-packages/colcon_core/task/python/colcon_distutils_commands:/home/erobman/IGH_EtherCAT/eRob_arm/install/erob_arm/lib/python3.10/site-packages:${PYTHONPATH} /usr/bin/python3 -W ignore:setup.py install is deprecated setup.py egg_info --egg-base ../../build/erob_arm build --build-base /home/erobman/IGH_EtherCAT/eRob_arm/build/erob_arm/build install --record /home/erobman/IGH_EtherCAT/eRob_arm/build/erob_arm/install.log --single-version-externally-managed install_data
[0.408s] running egg_info
[0.408s] writing ../../build/erob_arm/erob_arm.egg-info/PKG-INFO
[0.408s] writing dependency_links to ../../build/erob_arm/erob_arm.egg-info/dependency_links.txt
[0.408s] writing entry points to ../../build/erob_arm/erob_arm.egg-info/entry_points.txt
[0.408s] writing requirements to ../../build/erob_arm/erob_arm.egg-info/requires.txt
[0.408s] writing top-level names to ../../build/erob_arm/erob_arm.egg-info/top_level.txt
[0.409s] reading manifest file '../../build/erob_arm/erob_arm.egg-info/SOURCES.txt'
[0.409s] writing manifest file '../../build/erob_arm/erob_arm.egg-info/SOURCES.txt'
[0.409s] running build
[0.409s] running build_py
[0.409s] running install
[0.409s] running install_lib
[0.410s] running install_data
[0.410s] running install_egg_info
[0.411s] removing '/home/erobman/IGH_EtherCAT/eRob_arm/install/erob_arm/lib/python3.10/site-packages/erob_arm-0.0.0-py3.10.egg-info' (and everything under it)
[0.411s] Copying ../../build/erob_arm/erob_arm.egg-info to /home/erobman/IGH_EtherCAT/eRob_arm/install/erob_arm/lib/python3.10/site-packages/erob_arm-0.0.0-py3.10.egg-info
[0.411s] running install_scripts
[0.420s] writing list of installed files to '/home/erobman/IGH_EtherCAT/eRob_arm/build/erob_arm/install.log'
[0.429s] Invoked command in '/home/erobman/IGH_EtherCAT/eRob_arm/src/erob_arm' returned '0': PYTHONPATH=/home/erobman/IGH_EtherCAT/eRob_arm/build/erob_arm/prefix_override:/usr/lib/python3/dist-packages/colcon_core/task/python/colcon_distutils_commands:/home/erobman/IGH_EtherCAT/eRob_arm/install/erob_arm/lib/python3.10/site-packages:${PYTHONPATH} /usr/bin/python3 -W ignore:setup.py install is deprecated setup.py egg_info --egg-base ../../build/erob_arm build --build-base /home/erobman/IGH_EtherCAT/eRob_arm/build/erob_arm/build install --record /home/erobman/IGH_EtherCAT/eRob_arm/build/erob_arm/install.log --single-version-externally-managed install_data
