-- Install configuration: ""
-- Up-to-date: /home/erobman/IGH_EtherCAT/eRob_arm/install/erobo3/share/ament_index/resource_index/package_run_dependencies/erobo3
-- Up-to-date: /home/erobman/IGH_EtherCAT/eRob_arm/install/erobo3/share/ament_index/resource_index/parent_prefix_path/erobo3
-- Up-to-date: /home/erobman/IGH_EtherCAT/eRob_arm/install/erobo3/share/erobo3/environment/ament_prefix_path.sh
-- Up-to-date: /home/erobman/IGH_EtherCAT/eRob_arm/install/erobo3/share/erobo3/environment/ament_prefix_path.dsv
-- Up-to-date: /home/erobman/IGH_EtherCAT/eRob_arm/install/erobo3/share/erobo3/environment/path.sh
-- Up-to-date: /home/erobman/IGH_EtherCAT/eRob_arm/install/erobo3/share/erobo3/environment/path.dsv
-- Up-to-date: /home/erobman/IGH_EtherCAT/eRob_arm/install/erobo3/share/erobo3/local_setup.bash
-- Up-to-date: /home/erobman/IGH_EtherCAT/eRob_arm/install/erobo3/share/erobo3/local_setup.sh
-- Up-to-date: /home/erobman/IGH_EtherCAT/eRob_arm/install/erobo3/share/erobo3/local_setup.zsh
-- Up-to-date: /home/erobman/IGH_EtherCAT/eRob_arm/install/erobo3/share/erobo3/local_setup.dsv
-- Installing: /home/erobman/IGH_EtherCAT/eRob_arm/install/erobo3/share/erobo3/package.dsv
-- Up-to-date: /home/erobman/IGH_EtherCAT/eRob_arm/install/erobo3/share/ament_index/resource_index/packages/erobo3
-- Up-to-date: /home/erobman/IGH_EtherCAT/eRob_arm/install/erobo3/share/erobo3/cmake/erobo3Config.cmake
-- Up-to-date: /home/erobman/IGH_EtherCAT/eRob_arm/install/erobo3/share/erobo3/cmake/erobo3Config-version.cmake
-- Up-to-date: /home/erobman/IGH_EtherCAT/eRob_arm/install/erobo3/share/erobo3/package.xml
-- Up-to-date: /home/erobman/IGH_EtherCAT/eRob_arm/install/erobo3/share/erobo3/launch
-- Up-to-date: /home/erobman/IGH_EtherCAT/eRob_arm/install/erobo3/share/erobo3/launch/rsp.launch.py
-- Up-to-date: /home/erobman/IGH_EtherCAT/eRob_arm/install/erobo3/share/erobo3/launch/setup_assistant.launch.py
-- Up-to-date: /home/erobman/IGH_EtherCAT/eRob_arm/install/erobo3/share/erobo3/launch/warehouse_db.launch.py
-- Up-to-date: /home/erobman/IGH_EtherCAT/eRob_arm/install/erobo3/share/erobo3/launch/demo.launch.py
-- Up-to-date: /home/erobman/IGH_EtherCAT/eRob_arm/install/erobo3/share/erobo3/launch/moveit_rviz.launch.py
-- Up-to-date: /home/erobman/IGH_EtherCAT/eRob_arm/install/erobo3/share/erobo3/launch/static_virtual_joint_tfs.launch.py
-- Up-to-date: /home/erobman/IGH_EtherCAT/eRob_arm/install/erobo3/share/erobo3/launch/__pycache__
-- Up-to-date: /home/erobman/IGH_EtherCAT/eRob_arm/install/erobo3/share/erobo3/launch/__pycache__/demo.launch.cpython-310.pyc
-- Up-to-date: /home/erobman/IGH_EtherCAT/eRob_arm/install/erobo3/share/erobo3/launch/spawn_controllers.launch.py
-- Up-to-date: /home/erobman/IGH_EtherCAT/eRob_arm/install/erobo3/share/erobo3/launch/move_group.launch.py
-- Up-to-date: /home/erobman/IGH_EtherCAT/eRob_arm/install/erobo3/share/erobo3/config
-- Up-to-date: /home/erobman/IGH_EtherCAT/eRob_arm/install/erobo3/share/erobo3/config/joint_limits.yaml
-- Up-to-date: /home/erobman/IGH_EtherCAT/eRob_arm/install/erobo3/share/erobo3/config/eRobo3.ros2_control.xacro
-- Up-to-date: /home/erobman/IGH_EtherCAT/eRob_arm/install/erobo3/share/erobo3/config/moveit.rviz
-- Up-to-date: /home/erobman/IGH_EtherCAT/eRob_arm/install/erobo3/share/erobo3/config/kinematics.yaml
-- Up-to-date: /home/erobman/IGH_EtherCAT/eRob_arm/install/erobo3/share/erobo3/config/zeroErr.yaml
-- Up-to-date: /home/erobman/IGH_EtherCAT/eRob_arm/install/erobo3/share/erobo3/config/eRobo3.srdf
-- Up-to-date: /home/erobman/IGH_EtherCAT/eRob_arm/install/erobo3/share/erobo3/config/moveit_controllers.yaml
-- Up-to-date: /home/erobman/IGH_EtherCAT/eRob_arm/install/erobo3/share/erobo3/config/ros2_controllers.yaml
-- Up-to-date: /home/erobman/IGH_EtherCAT/eRob_arm/install/erobo3/share/erobo3/config/initial_positions.yaml
-- Up-to-date: /home/erobman/IGH_EtherCAT/eRob_arm/install/erobo3/share/erobo3/config/pilz_cartesian_limits.yaml
-- Up-to-date: /home/erobman/IGH_EtherCAT/eRob_arm/install/erobo3/share/erobo3/config/eRobo3.urdf.xacro
-- Up-to-date: /home/erobman/IGH_EtherCAT/eRob_arm/install/erobo3/share/erobo3/.setup_assistant
