-- Install configuration: ""
-- Up-to-date: /home/erobman/IGH_EtherCAT/eRob_arm/install/erobo3_control/share/ament_index/resource_index/package_run_dependencies/erobo3_control
-- Up-to-date: /home/erobman/IGH_EtherCAT/eRob_arm/install/erobo3_control/share/ament_index/resource_index/parent_prefix_path/erobo3_control
-- Up-to-date: /home/erobman/IGH_EtherCAT/eRob_arm/install/erobo3_control/share/erobo3_control/environment/ament_prefix_path.sh
-- Up-to-date: /home/erobman/IGH_EtherCAT/eRob_arm/install/erobo3_control/share/erobo3_control/environment/ament_prefix_path.dsv
-- Up-to-date: /home/erobman/IGH_EtherCAT/eRob_arm/install/erobo3_control/share/erobo3_control/environment/path.sh
-- Up-to-date: /home/erobman/IGH_EtherCAT/eRob_arm/install/erobo3_control/share/erobo3_control/environment/path.dsv
-- Up-to-date: /home/erobman/IGH_EtherCAT/eRob_arm/install/erobo3_control/share/erobo3_control/local_setup.bash
-- Up-to-date: /home/erobman/IGH_EtherCAT/eRob_arm/install/erobo3_control/share/erobo3_control/local_setup.sh
-- Up-to-date: /home/erobman/IGH_EtherCAT/eRob_arm/install/erobo3_control/share/erobo3_control/local_setup.zsh
-- Up-to-date: /home/erobman/IGH_EtherCAT/eRob_arm/install/erobo3_control/share/erobo3_control/local_setup.dsv
-- Up-to-date: /home/erobman/IGH_EtherCAT/eRob_arm/install/erobo3_control/share/erobo3_control/package.dsv
-- Up-to-date: /home/erobman/IGH_EtherCAT/eRob_arm/install/erobo3_control/share/ament_index/resource_index/packages/erobo3_control
-- Up-to-date: /home/erobman/IGH_EtherCAT/eRob_arm/install/erobo3_control/share/erobo3_control/cmake/erobo3_controlConfig.cmake
-- Up-to-date: /home/erobman/IGH_EtherCAT/eRob_arm/install/erobo3_control/share/erobo3_control/cmake/erobo3_controlConfig-version.cmake
-- Up-to-date: /home/erobman/IGH_EtherCAT/eRob_arm/install/erobo3_control/share/erobo3_control/package.xml
-- Up-to-date: /home/erobman/IGH_EtherCAT/eRob_arm/install/erobo3_control/share/erobo3_control/launch
-- Up-to-date: /home/erobman/IGH_EtherCAT/eRob_arm/install/erobo3_control/share/erobo3_control/launch/rsp.launch.py
-- Up-to-date: /home/erobman/IGH_EtherCAT/eRob_arm/install/erobo3_control/share/erobo3_control/launch/setup_assistant.launch.py
-- Up-to-date: /home/erobman/IGH_EtherCAT/eRob_arm/install/erobo3_control/share/erobo3_control/launch/warehouse_db.launch.py
-- Up-to-date: /home/erobman/IGH_EtherCAT/eRob_arm/install/erobo3_control/share/erobo3_control/launch/cpu_isolation.launch.py
-- Up-to-date: /home/erobman/IGH_EtherCAT/eRob_arm/install/erobo3_control/share/erobo3_control/launch/demo.launch.py
-- Up-to-date: /home/erobman/IGH_EtherCAT/eRob_arm/install/erobo3_control/share/erobo3_control/launch/moveit_rviz.launch.py
-- Up-to-date: /home/erobman/IGH_EtherCAT/eRob_arm/install/erobo3_control/share/erobo3_control/launch/static_virtual_joint_tfs.launch.py
-- Up-to-date: /home/erobman/IGH_EtherCAT/eRob_arm/install/erobo3_control/share/erobo3_control/launch/test.launch.py
-- Up-to-date: /home/erobman/IGH_EtherCAT/eRob_arm/install/erobo3_control/share/erobo3_control/launch/spawn_controllers.launch.py
-- Up-to-date: /home/erobman/IGH_EtherCAT/eRob_arm/install/erobo3_control/share/erobo3_control/launch/move_group.launch.py
-- Up-to-date: /home/erobman/IGH_EtherCAT/eRob_arm/install/erobo3_control/share/erobo3_control/config
-- Up-to-date: /home/erobman/IGH_EtherCAT/eRob_arm/install/erobo3_control/share/erobo3_control/config/joint_limits.yaml
-- Up-to-date: /home/erobman/IGH_EtherCAT/eRob_arm/install/erobo3_control/share/erobo3_control/config/eRobo3.ros2_control.xacro
-- Up-to-date: /home/erobman/IGH_EtherCAT/eRob_arm/install/erobo3_control/share/erobo3_control/config/moveit.rviz
-- Up-to-date: /home/erobman/IGH_EtherCAT/eRob_arm/install/erobo3_control/share/erobo3_control/config/kinematics.yaml
-- Up-to-date: /home/erobman/IGH_EtherCAT/eRob_arm/install/erobo3_control/share/erobo3_control/config/zeroErr.yaml
-- Up-to-date: /home/erobman/IGH_EtherCAT/eRob_arm/install/erobo3_control/share/erobo3_control/config/eRobo3.srdf
-- Up-to-date: /home/erobman/IGH_EtherCAT/eRob_arm/install/erobo3_control/share/erobo3_control/config/moveit_controllers.yaml
-- Up-to-date: /home/erobman/IGH_EtherCAT/eRob_arm/install/erobo3_control/share/erobo3_control/config/zeroErr1.yaml
-- Up-to-date: /home/erobman/IGH_EtherCAT/eRob_arm/install/erobo3_control/share/erobo3_control/config/ros2_controllers.yaml
-- Up-to-date: /home/erobman/IGH_EtherCAT/eRob_arm/install/erobo3_control/share/erobo3_control/config/initial_positions.yaml
-- Up-to-date: /home/erobman/IGH_EtherCAT/eRob_arm/install/erobo3_control/share/erobo3_control/config/pilz_cartesian_limits.yaml
-- Up-to-date: /home/erobman/IGH_EtherCAT/eRob_arm/install/erobo3_control/share/erobo3_control/config/eRobo3.urdf.xacro
-- Up-to-date: /home/erobman/IGH_EtherCAT/eRob_arm/install/erobo3_control/share/erobo3_control/.setup_assistant
