[0.015s] Invoking command in '/home/erobman/IGH_EtherCAT/eRob_arm/build/erob_arm_control': AMENT_PREFIX_PATH=/home/erobman/IGH_EtherCAT/eRob_arm/install/erob_arm:${AMENT_PREFIX_PATH} CMAKE_PREFIX_PATH=${CMAKE_PREFIX_PATH}:/home/erobman/IGH_EtherCAT/ros2_MoveIt/install/moveit_configs_utils:/home/erobman/IGH_EtherCAT/ros2_MoveIt/install/launch_param_builder:/opt/ros/humble PYTHONPATH=/home/erobman/IGH_EtherCAT/eRob_arm/install/erob_arm/lib/python3.10/site-packages:${PYTHONPATH} /usr/bin/cmake /home/erobman/IGH_EtherCAT/eRob_arm/src/erob_arm_control -DCMAKE_INSTALL_PREFIX=/home/erobman/IGH_EtherCAT/eRob_arm/install/erob_arm_control
[0.047s] -- The C compiler identification is GNU 11.4.0
[0.075s] -- The CXX compiler identification is GNU 11.4.0
[0.079s] -- Detecting C compiler ABI info
[0.121s] -- Detecting C compiler ABI info - done
[0.124s] -- Check for working C compiler: /usr/bin/cc - skipped
[0.125s] -- Detecting C compile features
[0.125s] -- Detecting C compile features - done
[0.126s] -- Detecting CXX compiler ABI info
[0.173s] -- Detecting CXX compiler ABI info - done
[0.177s] -- Check for working CXX compiler: /usr/bin/c++ - skipped
[0.177s] -- Detecting CXX compile features
[0.177s] -- Detecting CXX compile features - done
[0.180s] -- Found ament_cmake: 1.3.10 (/opt/ros/humble/share/ament_cmake/cmake)
[0.263s] -- Found Python3: /usr/bin/python3 (found version "3.10.12") found components: Interpreter 
[0.362s] -- Configuring done
[0.364s] -- Generating done
[0.364s] -- Build files have been written to: /home/erobman/IGH_EtherCAT/eRob_arm/build/erob_arm_control
[0.370s] Invoked command in '/home/erobman/IGH_EtherCAT/eRob_arm/build/erob_arm_control' returned '0': AMENT_PREFIX_PATH=/home/erobman/IGH_EtherCAT/eRob_arm/install/erob_arm:${AMENT_PREFIX_PATH} CMAKE_PREFIX_PATH=${CMAKE_PREFIX_PATH}:/home/erobman/IGH_EtherCAT/ros2_MoveIt/install/moveit_configs_utils:/home/erobman/IGH_EtherCAT/ros2_MoveIt/install/launch_param_builder:/opt/ros/humble PYTHONPATH=/home/erobman/IGH_EtherCAT/eRob_arm/install/erob_arm/lib/python3.10/site-packages:${PYTHONPATH} /usr/bin/cmake /home/erobman/IGH_EtherCAT/eRob_arm/src/erob_arm_control -DCMAKE_INSTALL_PREFIX=/home/erobman/IGH_EtherCAT/eRob_arm/install/erob_arm_control
[0.370s] Invoking command in '/home/erobman/IGH_EtherCAT/eRob_arm/build/erob_arm_control': AMENT_PREFIX_PATH=/home/erobman/IGH_EtherCAT/eRob_arm/install/erob_arm:${AMENT_PREFIX_PATH} CMAKE_PREFIX_PATH=${CMAKE_PREFIX_PATH}:/home/erobman/IGH_EtherCAT/ros2_MoveIt/install/moveit_configs_utils:/home/erobman/IGH_EtherCAT/ros2_MoveIt/install/launch_param_builder:/opt/ros/humble PYTHONPATH=/home/erobman/IGH_EtherCAT/eRob_arm/install/erob_arm/lib/python3.10/site-packages:${PYTHONPATH} /usr/bin/cmake --build /home/erobman/IGH_EtherCAT/eRob_arm/build/erob_arm_control -- -j32 -l32
[0.393s] Invoked command in '/home/erobman/IGH_EtherCAT/eRob_arm/build/erob_arm_control' returned '0': AMENT_PREFIX_PATH=/home/erobman/IGH_EtherCAT/eRob_arm/install/erob_arm:${AMENT_PREFIX_PATH} CMAKE_PREFIX_PATH=${CMAKE_PREFIX_PATH}:/home/erobman/IGH_EtherCAT/ros2_MoveIt/install/moveit_configs_utils:/home/erobman/IGH_EtherCAT/ros2_MoveIt/install/launch_param_builder:/opt/ros/humble PYTHONPATH=/home/erobman/IGH_EtherCAT/eRob_arm/install/erob_arm/lib/python3.10/site-packages:${PYTHONPATH} /usr/bin/cmake --build /home/erobman/IGH_EtherCAT/eRob_arm/build/erob_arm_control -- -j32 -l32
[0.416s] Invoking command in '/home/erobman/IGH_EtherCAT/eRob_arm/build/erob_arm_control': AMENT_PREFIX_PATH=/home/erobman/IGH_EtherCAT/eRob_arm/install/erob_arm:${AMENT_PREFIX_PATH} CMAKE_PREFIX_PATH=${CMAKE_PREFIX_PATH}:/home/erobman/IGH_EtherCAT/ros2_MoveIt/install/moveit_configs_utils:/home/erobman/IGH_EtherCAT/ros2_MoveIt/install/launch_param_builder:/opt/ros/humble PYTHONPATH=/home/erobman/IGH_EtherCAT/eRob_arm/install/erob_arm/lib/python3.10/site-packages:${PYTHONPATH} /usr/bin/cmake --install /home/erobman/IGH_EtherCAT/eRob_arm/build/erob_arm_control
[0.425s] -- Install configuration: ""
[0.425s] -- Installing: /home/erobman/IGH_EtherCAT/eRob_arm/install/erob_arm_control/share/ament_index/resource_index/package_run_dependencies/erob_arm_control
[0.425s] -- Installing: /home/erobman/IGH_EtherCAT/eRob_arm/install/erob_arm_control/share/ament_index/resource_index/parent_prefix_path/erob_arm_control
[0.425s] -- Installing: /home/erobman/IGH_EtherCAT/eRob_arm/install/erob_arm_control/share/erob_arm_control/environment/ament_prefix_path.sh
[0.425s] -- Installing: /home/erobman/IGH_EtherCAT/eRob_arm/install/erob_arm_control/share/erob_arm_control/environment/ament_prefix_path.dsv
[0.426s] -- Installing: /home/erobman/IGH_EtherCAT/eRob_arm/install/erob_arm_control/share/erob_arm_control/environment/path.sh
[0.426s] -- Installing: /home/erobman/IGH_EtherCAT/eRob_arm/install/erob_arm_control/share/erob_arm_control/environment/path.dsv
[0.426s] -- Installing: /home/erobman/IGH_EtherCAT/eRob_arm/install/erob_arm_control/share/erob_arm_control/local_setup.bash
[0.426s] -- Installing: /home/erobman/IGH_EtherCAT/eRob_arm/install/erob_arm_control/share/erob_arm_control/local_setup.sh
[0.427s] -- Installing: /home/erobman/IGH_EtherCAT/eRob_arm/install/erob_arm_control/share/erob_arm_control/local_setup.zsh
[0.427s] -- Installing: /home/erobman/IGH_EtherCAT/eRob_arm/install/erob_arm_control/share/erob_arm_control/local_setup.dsv
[0.427s] -- Installing: /home/erobman/IGH_EtherCAT/eRob_arm/install/erob_arm_control/share/erob_arm_control/package.dsv
[0.427s] -- Installing: /home/erobman/IGH_EtherCAT/eRob_arm/install/erob_arm_control/share/ament_index/resource_index/packages/erob_arm_control
[0.427s] -- Installing: /home/erobman/IGH_EtherCAT/eRob_arm/install/erob_arm_control/share/erob_arm_control/cmake/erob_arm_controlConfig.cmake
[0.427s] -- Installing: /home/erobman/IGH_EtherCAT/eRob_arm/install/erob_arm_control/share/erob_arm_control/cmake/erob_arm_controlConfig-version.cmake
[0.427s] -- Installing: /home/erobman/IGH_EtherCAT/eRob_arm/install/erob_arm_control/share/erob_arm_control/package.xml
[0.427s] -- Installing: /home/erobman/IGH_EtherCAT/eRob_arm/install/erob_arm_control/share/erob_arm_control/launch
[0.427s] -- Installing: /home/erobman/IGH_EtherCAT/eRob_arm/install/erob_arm_control/share/erob_arm_control/launch/rsp.launch.py
[0.427s] -- Installing: /home/erobman/IGH_EtherCAT/eRob_arm/install/erob_arm_control/share/erob_arm_control/launch/setup_assistant.launch.py
[0.427s] -- Installing: /home/erobman/IGH_EtherCAT/eRob_arm/install/erob_arm_control/share/erob_arm_control/launch/warehouse_db.launch.py
[0.427s] -- Installing: /home/erobman/IGH_EtherCAT/eRob_arm/install/erob_arm_control/share/erob_arm_control/launch/demo.launch.py
[0.427s] -- Installing: /home/erobman/IGH_EtherCAT/eRob_arm/install/erob_arm_control/share/erob_arm_control/launch/moveit_rviz.launch.py
[0.427s] -- Installing: /home/erobman/IGH_EtherCAT/eRob_arm/install/erob_arm_control/share/erob_arm_control/launch/static_virtual_joint_tfs.launch.py
[0.427s] -- Installing: /home/erobman/IGH_EtherCAT/eRob_arm/install/erob_arm_control/share/erob_arm_control/launch/spawn_controllers.launch.py
[0.427s] -- Installing: /home/erobman/IGH_EtherCAT/eRob_arm/install/erob_arm_control/share/erob_arm_control/launch/move_group.launch.py
[0.427s] -- Installing: /home/erobman/IGH_EtherCAT/eRob_arm/install/erob_arm_control/share/erob_arm_control/config
[0.428s] -- Installing: /home/erobman/IGH_EtherCAT/eRob_arm/install/erob_arm_control/share/erob_arm_control/config/joint_limits.yaml
[0.428s] -- Installing: /home/erobman/IGH_EtherCAT/eRob_arm/install/erob_arm_control/share/erob_arm_control/config/eRobo3.ros2_control.xacro
[0.428s] -- Installing: /home/erobman/IGH_EtherCAT/eRob_arm/install/erob_arm_control/share/erob_arm_control/config/moveit.rviz
[0.428s] -- Installing: /home/erobman/IGH_EtherCAT/eRob_arm/install/erob_arm_control/share/erob_arm_control/config/kinematics.yaml
[0.428s] -- Installing: /home/erobman/IGH_EtherCAT/eRob_arm/install/erob_arm_control/share/erob_arm_control/config/eRobo3.srdf
[0.428s] -- Installing: /home/erobman/IGH_EtherCAT/eRob_arm/install/erob_arm_control/share/erob_arm_control/config/moveit_controllers.yaml
[0.428s] -- Installing: /home/erobman/IGH_EtherCAT/eRob_arm/install/erob_arm_control/share/erob_arm_control/config/ros2_controllers.yaml
[0.428s] -- Installing: /home/erobman/IGH_EtherCAT/eRob_arm/install/erob_arm_control/share/erob_arm_control/config/initial_positions.yaml
[0.428s] -- Installing: /home/erobman/IGH_EtherCAT/eRob_arm/install/erob_arm_control/share/erob_arm_control/config/pilz_cartesian_limits.yaml
[0.428s] -- Installing: /home/erobman/IGH_EtherCAT/eRob_arm/install/erob_arm_control/share/erob_arm_control/config/eRobo3.urdf.xacro
[0.428s] -- Installing: /home/erobman/IGH_EtherCAT/eRob_arm/install/erob_arm_control/share/erob_arm_control/.setup_assistant
[0.437s] Invoked command in '/home/erobman/IGH_EtherCAT/eRob_arm/build/erob_arm_control' returned '0': AMENT_PREFIX_PATH=/home/erobman/IGH_EtherCAT/eRob_arm/install/erob_arm:${AMENT_PREFIX_PATH} CMAKE_PREFIX_PATH=${CMAKE_PREFIX_PATH}:/home/erobman/IGH_EtherCAT/ros2_MoveIt/install/moveit_configs_utils:/home/erobman/IGH_EtherCAT/ros2_MoveIt/install/launch_param_builder:/opt/ros/humble PYTHONPATH=/home/erobman/IGH_EtherCAT/eRob_arm/install/erob_arm/lib/python3.10/site-packages:${PYTHONPATH} /usr/bin/cmake --install /home/erobman/IGH_EtherCAT/eRob_arm/build/erob_arm_control
