[0.009s] Invoking command in '/home/erobman/IGH_EtherCAT/eRob_arm/build/erobo3_control': AMENT_PREFIX_PATH=/home/erobman/IGH_EtherCAT/eRob_arm/install/erob_arm:${AMENT_PREFIX_PATH} CMAKE_PREFIX_PATH=${CMAKE_PREFIX_PATH}:/home/erobman/IGH_EtherCAT/ros2_MoveIt/install/moveit_configs_utils:/home/erobman/IGH_EtherCAT/ros2_MoveIt/install/launch_param_builder:/opt/ros/humble PYTHONPATH=/home/erobman/IGH_EtherCAT/eRob_arm/install/erob_arm/lib/python3.10/site-packages:${PYTHONPATH} /usr/bin/cmake /home/erobman/IGH_EtherCAT/eRob_arm/src/erobo3_control -DCMAKE_INSTALL_PREFIX=/home/erobman/IGH_EtherCAT/eRob_arm/install/erobo3_control
[0.039s] -- The C compiler identification is GNU 11.4.0
[0.066s] -- The CXX compiler identification is GNU 11.4.0
[0.070s] -- Detecting C compiler ABI info
[0.113s] -- Detecting C compiler ABI info - done
[0.116s] -- Check for working C compiler: /usr/bin/cc - skipped
[0.117s] -- Detecting C compile features
[0.117s] -- Detecting C compile features - done
[0.118s] -- Detecting CXX compiler ABI info
[0.165s] -- Detecting CXX compiler ABI info - done
[0.168s] -- Check for working CXX compiler: /usr/bin/c++ - skipped
[0.168s] -- Detecting CXX compile features
[0.169s] -- Detecting CXX compile features - done
[0.172s] -- Found ament_cmake: 1.3.10 (/opt/ros/humble/share/ament_cmake/cmake)
[0.254s] -- Found Python3: /usr/bin/python3 (found version "3.10.12") found components: Interpreter 
[0.354s] -- Configuring done
[0.355s] -- Generating done
[0.356s] -- Build files have been written to: /home/erobman/IGH_EtherCAT/eRob_arm/build/erobo3_control
[0.358s] Invoked command in '/home/erobman/IGH_EtherCAT/eRob_arm/build/erobo3_control' returned '0': AMENT_PREFIX_PATH=/home/erobman/IGH_EtherCAT/eRob_arm/install/erob_arm:${AMENT_PREFIX_PATH} CMAKE_PREFIX_PATH=${CMAKE_PREFIX_PATH}:/home/erobman/IGH_EtherCAT/ros2_MoveIt/install/moveit_configs_utils:/home/erobman/IGH_EtherCAT/ros2_MoveIt/install/launch_param_builder:/opt/ros/humble PYTHONPATH=/home/erobman/IGH_EtherCAT/eRob_arm/install/erob_arm/lib/python3.10/site-packages:${PYTHONPATH} /usr/bin/cmake /home/erobman/IGH_EtherCAT/eRob_arm/src/erobo3_control -DCMAKE_INSTALL_PREFIX=/home/erobman/IGH_EtherCAT/eRob_arm/install/erobo3_control
[0.359s] Invoking command in '/home/erobman/IGH_EtherCAT/eRob_arm/build/erobo3_control': AMENT_PREFIX_PATH=/home/erobman/IGH_EtherCAT/eRob_arm/install/erob_arm:${AMENT_PREFIX_PATH} CMAKE_PREFIX_PATH=${CMAKE_PREFIX_PATH}:/home/erobman/IGH_EtherCAT/ros2_MoveIt/install/moveit_configs_utils:/home/erobman/IGH_EtherCAT/ros2_MoveIt/install/launch_param_builder:/opt/ros/humble PYTHONPATH=/home/erobman/IGH_EtherCAT/eRob_arm/install/erob_arm/lib/python3.10/site-packages:${PYTHONPATH} /usr/bin/cmake --build /home/erobman/IGH_EtherCAT/eRob_arm/build/erobo3_control -- -j32 -l32
[0.383s] Invoked command in '/home/erobman/IGH_EtherCAT/eRob_arm/build/erobo3_control' returned '0': AMENT_PREFIX_PATH=/home/erobman/IGH_EtherCAT/eRob_arm/install/erob_arm:${AMENT_PREFIX_PATH} CMAKE_PREFIX_PATH=${CMAKE_PREFIX_PATH}:/home/erobman/IGH_EtherCAT/ros2_MoveIt/install/moveit_configs_utils:/home/erobman/IGH_EtherCAT/ros2_MoveIt/install/launch_param_builder:/opt/ros/humble PYTHONPATH=/home/erobman/IGH_EtherCAT/eRob_arm/install/erob_arm/lib/python3.10/site-packages:${PYTHONPATH} /usr/bin/cmake --build /home/erobman/IGH_EtherCAT/eRob_arm/build/erobo3_control -- -j32 -l32
[0.405s] Invoking command in '/home/erobman/IGH_EtherCAT/eRob_arm/build/erobo3_control': AMENT_PREFIX_PATH=/home/erobman/IGH_EtherCAT/eRob_arm/install/erob_arm:${AMENT_PREFIX_PATH} CMAKE_PREFIX_PATH=${CMAKE_PREFIX_PATH}:/home/erobman/IGH_EtherCAT/ros2_MoveIt/install/moveit_configs_utils:/home/erobman/IGH_EtherCAT/ros2_MoveIt/install/launch_param_builder:/opt/ros/humble PYTHONPATH=/home/erobman/IGH_EtherCAT/eRob_arm/install/erob_arm/lib/python3.10/site-packages:${PYTHONPATH} /usr/bin/cmake --install /home/erobman/IGH_EtherCAT/eRob_arm/build/erobo3_control
[0.411s] -- Install configuration: ""
[0.411s] -- Installing: /home/erobman/IGH_EtherCAT/eRob_arm/install/erobo3_control/share/ament_index/resource_index/package_run_dependencies/erobo3_control
[0.411s] -- Installing: /home/erobman/IGH_EtherCAT/eRob_arm/install/erobo3_control/share/ament_index/resource_index/parent_prefix_path/erobo3_control
[0.411s] -- Installing: /home/erobman/IGH_EtherCAT/eRob_arm/install/erobo3_control/share/erobo3_control/environment/ament_prefix_path.sh
[0.411s] -- Installing: /home/erobman/IGH_EtherCAT/eRob_arm/install/erobo3_control/share/erobo3_control/environment/ament_prefix_path.dsv
[0.411s] -- Installing: /home/erobman/IGH_EtherCAT/eRob_arm/install/erobo3_control/share/erobo3_control/environment/path.sh
[0.411s] -- Installing: /home/erobman/IGH_EtherCAT/eRob_arm/install/erobo3_control/share/erobo3_control/environment/path.dsv
[0.412s] -- Installing: /home/erobman/IGH_EtherCAT/eRob_arm/install/erobo3_control/share/erobo3_control/local_setup.bash
[0.412s] -- Installing: /home/erobman/IGH_EtherCAT/eRob_arm/install/erobo3_control/share/erobo3_control/local_setup.sh
[0.412s] -- Installing: /home/erobman/IGH_EtherCAT/eRob_arm/install/erobo3_control/share/erobo3_control/local_setup.zsh
[0.412s] -- Installing: /home/erobman/IGH_EtherCAT/eRob_arm/install/erobo3_control/share/erobo3_control/local_setup.dsv
[0.412s] -- Installing: /home/erobman/IGH_EtherCAT/eRob_arm/install/erobo3_control/share/erobo3_control/package.dsv
[0.412s] -- Installing: /home/erobman/IGH_EtherCAT/eRob_arm/install/erobo3_control/share/ament_index/resource_index/packages/erobo3_control
[0.412s] -- Installing: /home/erobman/IGH_EtherCAT/eRob_arm/install/erobo3_control/share/erobo3_control/cmake/erobo3_controlConfig.cmake
[0.412s] -- Installing: /home/erobman/IGH_EtherCAT/eRob_arm/install/erobo3_control/share/erobo3_control/cmake/erobo3_controlConfig-version.cmake
[0.412s] -- Installing: /home/erobman/IGH_EtherCAT/eRob_arm/install/erobo3_control/share/erobo3_control/package.xml
[0.412s] -- Installing: /home/erobman/IGH_EtherCAT/eRob_arm/install/erobo3_control/share/erobo3_control/launch
[0.413s] -- Installing: /home/erobman/IGH_EtherCAT/eRob_arm/install/erobo3_control/share/erobo3_control/launch/rsp.launch.py
[0.413s] -- Installing: /home/erobman/IGH_EtherCAT/eRob_arm/install/erobo3_control/share/erobo3_control/launch/setup_assistant.launch.py
[0.414s] -- Installing: /home/erobman/IGH_EtherCAT/eRob_arm/install/erobo3_control/share/erobo3_control/launch/warehouse_db.launch.py
[0.414s] -- Installing: /home/erobman/IGH_EtherCAT/eRob_arm/install/erobo3_control/share/erobo3_control/launch/cpu_isolation.launch.py
[0.414s] -- Installing: /home/erobman/IGH_EtherCAT/eRob_arm/install/erobo3_control/share/erobo3_control/launch/demo.launch.py
[0.414s] -- Installing: /home/erobman/IGH_EtherCAT/eRob_arm/install/erobo3_control/share/erobo3_control/launch/moveit_rviz.launch.py
[0.414s] -- Installing: /home/erobman/IGH_EtherCAT/eRob_arm/install/erobo3_control/share/erobo3_control/launch/static_virtual_joint_tfs.launch.py
[0.414s] -- Installing: /home/erobman/IGH_EtherCAT/eRob_arm/install/erobo3_control/share/erobo3_control/launch/test.launch.py
[0.415s] -- Installing: /home/erobman/IGH_EtherCAT/eRob_arm/install/erobo3_control/share/erobo3_control/launch/spawn_controllers.launch.py
[0.415s] -- Installing: /home/erobman/IGH_EtherCAT/eRob_arm/install/erobo3_control/share/erobo3_control/launch/move_group.launch.py
[0.415s] -- Installing: /home/erobman/IGH_EtherCAT/eRob_arm/install/erobo3_control/share/erobo3_control/config
[0.416s] -- Installing: /home/erobman/IGH_EtherCAT/eRob_arm/install/erobo3_control/share/erobo3_control/config/joint_limits.yaml
[0.416s] -- Installing: /home/erobman/IGH_EtherCAT/eRob_arm/install/erobo3_control/share/erobo3_control/config/eRobo3.ros2_control.xacro
[0.416s] -- Installing: /home/erobman/IGH_EtherCAT/eRob_arm/install/erobo3_control/share/erobo3_control/config/moveit.rviz
[0.417s] -- Installing: /home/erobman/IGH_EtherCAT/eRob_arm/install/erobo3_control/share/erobo3_control/config/kinematics.yaml
[0.417s] -- Installing: /home/erobman/IGH_EtherCAT/eRob_arm/install/erobo3_control/share/erobo3_control/config/zeroErr.yaml
[0.417s] -- Installing: /home/erobman/IGH_EtherCAT/eRob_arm/install/erobo3_control/share/erobo3_control/config/eRobo3.srdf
[0.417s] -- Installing: /home/erobman/IGH_EtherCAT/eRob_arm/install/erobo3_control/share/erobo3_control/config/moveit_controllers.yaml
[0.417s] -- Installing: /home/erobman/IGH_EtherCAT/eRob_arm/install/erobo3_control/share/erobo3_control/config/zeroErr1.yaml
[0.417s] -- Installing: /home/erobman/IGH_EtherCAT/eRob_arm/install/erobo3_control/share/erobo3_control/config/ros2_controllers.yaml
[0.417s] -- Installing: /home/erobman/IGH_EtherCAT/eRob_arm/install/erobo3_control/share/erobo3_control/config/initial_positions.yaml
[0.417s] -- Installing: /home/erobman/IGH_EtherCAT/eRob_arm/install/erobo3_control/share/erobo3_control/config/pilz_cartesian_limits.yaml
[0.417s] -- Installing: /home/erobman/IGH_EtherCAT/eRob_arm/install/erobo3_control/share/erobo3_control/config/eRobo3.urdf.xacro
[0.417s] -- Installing: /home/erobman/IGH_EtherCAT/eRob_arm/install/erobo3_control/share/erobo3_control/.setup_assistant
[0.421s] Invoked command in '/home/erobman/IGH_EtherCAT/eRob_arm/build/erobo3_control' returned '0': AMENT_PREFIX_PATH=/home/erobman/IGH_EtherCAT/eRob_arm/install/erob_arm:${AMENT_PREFIX_PATH} CMAKE_PREFIX_PATH=${CMAKE_PREFIX_PATH}:/home/erobman/IGH_EtherCAT/ros2_MoveIt/install/moveit_configs_utils:/home/erobman/IGH_EtherCAT/ros2_MoveIt/install/launch_param_builder:/opt/ros/humble PYTHONPATH=/home/erobman/IGH_EtherCAT/eRob_arm/install/erob_arm/lib/python3.10/site-packages:${PYTHONPATH} /usr/bin/cmake --install /home/erobman/IGH_EtherCAT/eRob_arm/build/erobo3_control
