/home/erobman/IGH_EtherCAT/eRob_arm/install/erob_arm/lib/python3.10/site-packages/erob_arm/__init__.py
/home/erobman/IGH_EtherCAT/eRob_arm/install/erob_arm/lib/python3.10/site-packages/erob_arm/__pycache__/__init__.cpython-310.pyc
/home/erobman/IGH_EtherCAT/eRob_arm/install/erob_arm/share/ament_index/resource_index/packages/erob_arm
/home/erobman/IGH_EtherCAT/eRob_arm/install/erob_arm/share/erob_arm/package.xml
/home/erobman/IGH_EtherCAT/eRob_arm/install/erob_arm/share/erob_arm/launch/display.launch.py
/home/erobman/IGH_EtherCAT/eRob_arm/install/erob_arm/share/erob_arm/urdf/erob2_motor.urdf
/home/erobman/IGH_EtherCAT/eRob_arm/install/erob_arm/share/erob_arm/urdf/erob_arm.urdf.xacro
/home/erobman/IGH_EtherCAT/eRob_arm/install/erob_arm/share/erob_arm/urdf/erob_arm2.urdf
/home/erobman/IGH_EtherCAT/eRob_arm/install/erob_arm/share/erob_arm/urdf/erob_arm.urdf
/home/erobman/IGH_EtherCAT/eRob_arm/install/erob_arm/share/erob_arm/urdf/erob.urdf
/home/erobman/IGH_EtherCAT/eRob_arm/install/erob_arm/share/erob_arm/meshes/Link_3.dae
/home/erobman/IGH_EtherCAT/eRob_arm/install/erob_arm/share/erob_arm/meshes/Link_6.dae
/home/erobman/IGH_EtherCAT/eRob_arm/install/erob_arm/share/erob_arm/meshes/Link_5.dae
/home/erobman/IGH_EtherCAT/eRob_arm/install/erob_arm/share/erob_arm/meshes/Link_2.dae
/home/erobman/IGH_EtherCAT/eRob_arm/install/erob_arm/share/erob_arm/meshes/Link_6.stl
/home/erobman/IGH_EtherCAT/eRob_arm/install/erob_arm/share/erob_arm/meshes/Link_5.stl
/home/erobman/IGH_EtherCAT/eRob_arm/install/erob_arm/share/erob_arm/meshes/Link_1.stl
/home/erobman/IGH_EtherCAT/eRob_arm/install/erob_arm/share/erob_arm/meshes/Link_2.stl
/home/erobman/IGH_EtherCAT/eRob_arm/install/erob_arm/share/erob_arm/meshes/base_link.dae
/home/erobman/IGH_EtherCAT/eRob_arm/install/erob_arm/share/erob_arm/meshes/base_link.stl
/home/erobman/IGH_EtherCAT/eRob_arm/install/erob_arm/share/erob_arm/meshes/finger.dae
/home/erobman/IGH_EtherCAT/eRob_arm/install/erob_arm/share/erob_arm/meshes/Link_3.stl
/home/erobman/IGH_EtherCAT/eRob_arm/install/erob_arm/share/erob_arm/meshes/hand.dae
/home/erobman/IGH_EtherCAT/eRob_arm/install/erob_arm/share/erob_arm/meshes/hand.stl
/home/erobman/IGH_EtherCAT/eRob_arm/install/erob_arm/share/erob_arm/meshes/finger.stl
/home/erobman/IGH_EtherCAT/eRob_arm/install/erob_arm/share/erob_arm/meshes/Link_1.dae
/home/erobman/IGH_EtherCAT/eRob_arm/install/erob_arm/share/erob_arm/meshes/Link_4.stl
/home/erobman/IGH_EtherCAT/eRob_arm/install/erob_arm/share/erob_arm/meshes/Link_4.dae
/home/erobman/IGH_EtherCAT/eRob_arm/install/erob_arm/lib/python3.10/site-packages/erob_arm-0.0.0-py3.10.egg-info/zip-safe
/home/erobman/IGH_EtherCAT/eRob_arm/install/erob_arm/lib/python3.10/site-packages/erob_arm-0.0.0-py3.10.egg-info/requires.txt
/home/erobman/IGH_EtherCAT/eRob_arm/install/erob_arm/lib/python3.10/site-packages/erob_arm-0.0.0-py3.10.egg-info/entry_points.txt
/home/erobman/IGH_EtherCAT/eRob_arm/install/erob_arm/lib/python3.10/site-packages/erob_arm-0.0.0-py3.10.egg-info/top_level.txt
/home/erobman/IGH_EtherCAT/eRob_arm/install/erob_arm/lib/python3.10/site-packages/erob_arm-0.0.0-py3.10.egg-info/PKG-INFO
/home/erobman/IGH_EtherCAT/eRob_arm/install/erob_arm/lib/python3.10/site-packages/erob_arm-0.0.0-py3.10.egg-info/dependency_links.txt
/home/erobman/IGH_EtherCAT/eRob_arm/install/erob_arm/lib/python3.10/site-packages/erob_arm-0.0.0-py3.10.egg-info/SOURCES.txt
